-------------------------------------------------------------------------------
Test set: com.prueba.company.controllers.EmpleadoRestControllerTest
-------------------------------------------------------------------------------
Tests run: 5, Failures: 1, Errors: 4, Skipped: 0, Time elapsed: 22.989 s <<< FAILURE! - in com.prueba.company.controllers.EmpleadoRestControllerTest
testIndex  Time elapsed: 22.926 s  <<< ERROR!
java.lang.NullPointerException
	at com.prueba.company.controllers.EmpleadoRestControllerTest.testIndex(EmpleadoRestControllerTest.java:57)

testShow  Time elapsed: 0.029 s  <<< FAILURE!
org.opentest4j.AssertionFailedError: expected: <null> but was: <<500 INTERNAL_SERVER_ERROR Internal Server Error,{mensaje=Error al realizar realizar consulta en la base de datos, error=null},[]>>
	at com.prueba.company.controllers.EmpleadoRestControllerTest.testShow(EmpleadoRestControllerTest.java:73)

testCreate  Time elapsed: 0.002 s  <<< ERROR!
java.lang.NullPointerException
	at com.prueba.company.controllers.EmpleadoRestControllerTest.testCreate(EmpleadoRestControllerTest.java:87)

testDelete  Time elapsed: 0.001 s  <<< ERROR!
java.lang.NullPointerException
	at com.prueba.company.controllers.EmpleadoRestControllerTest.testDelete(EmpleadoRestControllerTest.java:118)

testUpdate  Time elapsed: 0.001 s  <<< ERROR!
java.lang.NullPointerException
	at com.prueba.company.controllers.EmpleadoRestControllerTest.testUpdate(EmpleadoRestControllerTest.java:103)

