<?xml version="1.0" encoding="UTF-8"?>
<testsuite xmlns:xsi="http://www.w3.org/2001/XMLSchema-instance" xsi:noNamespaceSchemaLocation="https://maven.apache.org/surefire/maven-surefire-plugin/xsd/surefire-test-report.xsd" name="com.prueba.company.controllers.EmpleadoRestControllerTest" time="22.989" tests="5" errors="4" skipped="0" failures="1">
  <properties>
[...]
</properties>
  <testcase name="testIndex" classname="com.prueba.company.controllers.EmpleadoRestControllerTest" time="22.926">
    <error type="java.lang.NullPointerException">java.lang.NullPointerException
	at com.prueba.company.controllers.EmpleadoRestControllerTest.testIndex(EmpleadoRestControllerTest.java:57)
</error>
    <system-out><![CDATA[index
]]></system-out>
  </testcase>
  <testcase name="testShow" classname="com.prueba.company.controllers.EmpleadoRestControllerTest" time="0.029">
    <failure message="expected: &lt;null&gt; but was: &lt;&lt;500 INTERNAL_SERVER_ERROR Internal Server Error,{mensaje=Error al realizar realizar consulta en la base de datos, error=null},[]&gt;&gt;" type="org.opentest4j.AssertionFailedError"><![CDATA[org.opentest4j.AssertionFailedError: expected: <null> but was: <<500 INTERNAL_SERVER_ERROR Internal Server Error,{mensaje=Error al realizar realizar consulta en la base de datos, error=null},[]>>
	at com.prueba.company.controllers.EmpleadoRestControllerTest.testShow(EmpleadoRestControllerTest.java:73)
]]></failure>
    <system-out><![CDATA[show
]]></system-out>
  </testcase>
  <testcase name="testCreate" classname="com.prueba.company.controllers.EmpleadoRestControllerTest" time="0.002">
    <error type="java.lang.NullPointerException">java.lang.NullPointerException
	at com.prueba.company.controllers.EmpleadoRestControllerTest.testCreate(EmpleadoRestControllerTest.java:87)
</error>
    <system-out><![CDATA[create
]]></system-out>
  </testcase>
  <testcase name="testDelete" classname="com.prueba.company.controllers.EmpleadoRestControllerTest" time="0.001">
    <error type="java.lang.NullPointerException">java.lang.NullPointerException
	at com.prueba.company.controllers.EmpleadoRestControllerTest.testDelete(EmpleadoRestControllerTest.java:118)
</error>
    <system-out><![CDATA[delete
]]></system-out>
  </testcase>
  <testcase name="testUpdate" classname="com.prueba.company.controllers.EmpleadoRestControllerTest" time="0.001">
    <error type="java.lang.NullPointerException">java.lang.NullPointerException
	at com.prueba.company.controllers.EmpleadoRestControllerTest.testUpdate(EmpleadoRestControllerTest.java:103)
</error>
    <system-out><![CDATA[update
]]></system-out>
  </testcase>
</testsuite>